<?xml version="1.0" encoding="UTF-8"?>
<testng-results ignored="0" total="4" passed="4" failed="0" skipped="0">
  <reporter-output>
  </reporter-output>
  <suite started-at="2021-02-27T21:34:36Z" name="Suite" finished-at="2021-02-27T21:34:36Z" duration-ms="100">
    <groups>
    </groups>
    <test started-at="2021-02-27T21:34:36Z" name="Test1" finished-at="2021-02-27T21:34:36Z" duration-ms="27">
      <class name="TestCase.FirstTest">
        <test-method signature="first()[pri:0, instance:TestCase.FirstTest@1722011b]" started-at="2021-02-27T21:34:36Z" name="first" finished-at="2021-02-27T21:34:36Z" duration-ms="9" status="PASS">
          <reporter-output>
          </reporter-output>
        </test-method> <!-- first -->
      </class> <!-- TestCase.FirstTest -->
    </test> <!-- Test1 -->
    <test started-at="2021-02-27T21:34:36Z" name="Test2" finished-at="2021-02-27T21:34:36Z" duration-ms="2">
      <class name="TestCase.SecondTest">
        <test-method signature="fourth()[pri:0, instance:TestCase.SecondTest@2812b107]" started-at="2021-02-27T21:34:36Z" name="fourth" finished-at="2021-02-27T21:34:36Z" duration-ms="1" status="PASS">
          <reporter-output>
          </reporter-output>
        </test-method> <!-- fourth -->
      </class> <!-- TestCase.SecondTest -->
    </test> <!-- Test2 -->
    <test started-at="2021-02-27T21:34:36Z" name="Test3" finished-at="2021-02-27T21:34:36Z" duration-ms="2">
      <class name="TestCase.ThirdTest">
        <test-method signature="first()[pri:0, instance:TestCase.ThirdTest@5be49b60]" started-at="2021-02-27T21:34:36Z" name="first" finished-at="2021-02-27T21:34:36Z" duration-ms="1" status="PASS">
          <reporter-output>
          </reporter-output>
        </test-method> <!-- first -->
      </class> <!-- TestCase.ThirdTest -->
    </test> <!-- Test3 -->
    <test started-at="2021-02-27T21:34:36Z" name="Test4" finished-at="2021-02-27T21:34:36Z" duration-ms="3">
      <class name="TestCase.FourthTest">
        <test-method signature="first()[pri:0, instance:TestCase.FourthTest@6cb6decd]" started-at="2021-02-27T21:34:36Z" name="first" finished-at="2021-02-27T21:34:36Z" duration-ms="1" status="PASS">
          <reporter-output>
          </reporter-output>
        </test-method> <!-- first -->
      </class> <!-- TestCase.FourthTest -->
    </test> <!-- Test4 -->
  </suite> <!-- Suite -->
</testng-results>
